Removed Pin From Net: NetName=NetC5_1 Pin=LS2-1
Removed Pin From Net: NetName=NetP6_1 Pin=U3-30
Removed Pin From Net: NetName=NetP6_2 Pin=U3-31
Removed Pin From Net: NetName=NetP6_3 Pin=U3-32
Removed Pin From Net: NetName=NetP6_4 Pin=U3-33
Removed Pin From Net: NetName=NetP6_5 Pin=U3-34
Removed Pin From Net: NetName=NetP6_6 Pin=U3-35
Removed Pin From Net: NetName=NetP6_7 Pin=U3-36
Removed Pin From Net: NetName=NetP6_8 Pin=U3-37
Removed Pin From Net: NetName=NetP6_9 Pin=U3-38
Removed Member From Class: ClassName=U_Etapa_Control_Ruido Member=P3
Removed Member From Class: ClassName=U_Etapa_Control_Ruido Member=P4
Change Component Footprint: Designator=D2 Old Footprint=3.2X1.6X1.1 New Footprint=DIOM7959X265N
Change Component Footprint: Designator=J1 Old Footprint=694102107102 New Footprint=CUI_PJ-002BH-SMT-TR
Change Component Footprint: Designator=C5 Old Footprint=CAPC2013X135X45NL10T25 New Footprint=CAPC4632X221N
Change Component Footprint: Designator=U2 Old Footprint=FP-DGK0008A-IPC_B New Footprint=SOIC127P599X175-8N
Change Component Footprint: Designator=P6 Old Footprint=HDR1X9 New Footprint=HDR1X15
Change Component Footprint: Designator=P5 Old Footprint=HDR1X9 New Footprint=HDR1X18
Change Component Footprint: Designator=C2 Old Footprint=RB7.6-15 New Footprint=CAP_16SVPG220M
Change Component Footprint: Designator=C1 Old Footprint=RB7.6-15 New Footprint=CAPC3225X279N
Change Component Footprint: Designator=C3 Old Footprint=RB7.6-15 New Footprint=CAPC4632X221N
Change Component Footprint: Designator=C4 Old Footprint=RB7.6-15 New Footprint=CAPC4632X221N
Change Component Comment : Designator=C5 Old Comment=Capacitor 10 uF +/- 10% 16 V 0805 New Comment=10uF
Change Component Comment : Designator=P6 Old Comment=Header 9 New Comment=Header 15
Change Component Comment : Designator=P5 Old Comment=Header 9 New Comment=Header 18
Change Managed Component Library Link : Designator=C5 Old VaultGUID=58C70DDE-8F8F-44F9-B524-DE3B0A9055CB New VaultGUID= Old ItemGUID=445E9A12-6E3C-4525-8C18-705F4015D67C New ItemGUID= Old RevisionGUID=CACB3BFF-284F-46CA-A601-FB5924949087 New RevisionGUID=
Change component parameters: Designator = "C5" ("C5"); Footprint = "CAPC2013X135X45NL10T25"; UniqueID = "\OXHXLLCE\AJYNBPWC" ("\OXHXLLCE\AJYNBPWC")
Change component parameters (AddParameter): Name = "Availability"; Value = "Unavailable"; VariantName = "[No Variations]"
Change component parameters (AddParameter): Name = "MF"; Value = ""; VariantName = "[No Variations]"
Change component parameters (AddParameter): Name = "MP"; Value = "1812CC104KAZ1A"; VariantName = "[No Variations]"
Change component parameters (AddParameter): Name = "Package"; Value = "None"; VariantName = "[No Variations]"
Change component parameters (AddParameter): Name = "Price"; Value = "None"; VariantName = "[No Variations]"
Change component parameters (AddParameter): Name = "Value"; Value = ""; VariantName = "[No Variations]"
Added Component: Designator=U4(SOIC127P599X175-8N)
Add component (AddParameter): Name = "Availability"; Value = "Good"; VariantName = "[No Variations]"
Add component (AddParameter): Name = "Check_prices"; Value = "https://www.snapeda.com/parts/LM358AMX/NOPB/Texas%20Instruments/view-part/18081/?ref=eda"; VariantName = "[No Variations]"
Add component (AddParameter): Name = "MF"; Value = "Texas Instruments"; VariantName = "[No Variations]"
Add component (AddParameter): Name = "MP"; Value = "LM358AMX/NOPB"; VariantName = "[No Variations]"
Add component (AddParameter): Name = "Package"; Value = "SOIC-8 Texas Instruments"; VariantName = "[No Variations]"
Add component (AddParameter): Name = "Price"; Value = "None"; VariantName = "[No Variations]"
Add component (AddParameter): Name = "Purchase-URL"; Value = "https://pricing.snapeda.com/search/part/LM358AMX/NOPB/?ref=eda"; VariantName = "[No Variations]"
Add component (AddParameter): Name = "SnapEDA_Link"; Value = "https://www.snapeda.com/parts/LM358AMX/NOPB/Texas%20Instruments/view-part/18081/?ref=snap"; VariantName = "[No Variations]"
Add component (AddParameter): Name = "Value"; Value = ""; VariantName = "[No Variations]"
Added Pin To Net: NetName=NetJ1_1A Pin=J1-1A
Added Pin To Net: NetName=NetJ1_1A Pin=J1-1B
Added Pin To Net: NetName=NetC5_2 Pin=LS2-1
Added Pin To Net: NetName=NetP6_9 Pin=U3-10
Added Pin To Net: NetName=NetP6_8 Pin=U3-11
Added Pin To Net: NetName=NetP6_7 Pin=U3-12
Added Pin To Net: NetName=NetP6_6 Pin=U3-13
Added Pin To Net: NetName=NetP6_5 Pin=U3-15
Added Pin To Net: NetName=NetP6_4 Pin=U3-16
Added Pin To Net: NetName=NetP6_3 Pin=U3-17
Added Pin To Net: NetName=NetP6_2 Pin=U3-18
Added Pin To Net: NetName=NetP6_1 Pin=U3-19
Added Pin To Net: NetName=NetC5_1 Pin=U4-1
Added Pin To Net: NetName=NetR11_1 Pin=U4-2
Added Pin To Net: NetName=NetR14_1 Pin=U4-3
Added Pin To Net: NetName=NetR14_2 Pin=U4-4
Added Pin To Net: NetName=NetR14_2 Pin=U4-5
Added Pin To Net: NetName=NetR14_2 Pin=U4-6
Added Pin To Net: NetName=Vin Pin=U4-8
Added Pin To Net: NetName=NetP5_10 Pin=P5-10
Added Pin To Net: NetName=NetP5_10 Pin=U3-29
Added Net: Name=NetP5_10
Added Pin To Net: NetName=NetP5_11 Pin=P5-11
Added Pin To Net: NetName=NetP5_11 Pin=U3-30
Added Net: Name=NetP5_11
Added Pin To Net: NetName=NetP5_12 Pin=P5-12
Added Pin To Net: NetName=NetP5_12 Pin=U3-31
Added Net: Name=NetP5_12
Added Pin To Net: NetName=NetP5_13 Pin=P5-13
Added Pin To Net: NetName=NetP5_13 Pin=U3-32
Added Net: Name=NetP5_13
Added Pin To Net: NetName=NetP5_14 Pin=P5-14
Added Pin To Net: NetName=NetP5_14 Pin=U3-33
Added Net: Name=NetP5_14
Added Pin To Net: NetName=NetP5_15 Pin=P5-15
Added Pin To Net: NetName=NetP5_15 Pin=U3-34
Added Net: Name=NetP5_15
Added Pin To Net: NetName=NetP5_16 Pin=P5-16
Added Pin To Net: NetName=NetP5_16 Pin=U3-35
Added Net: Name=NetP5_16
Added Pin To Net: NetName=NetP5_17 Pin=P5-17
Added Pin To Net: NetName=NetP5_17 Pin=U3-36
Added Net: Name=NetP5_17
Added Pin To Net: NetName=NetP5_18 Pin=P5-18
Added Pin To Net: NetName=NetP5_18 Pin=U3-37
Added Net: Name=NetP5_18
Added Pin To Net: NetName=NetP6_10 Pin=P6-10
Added Pin To Net: NetName=NetP6_10 Pin=U3-9
Added Net: Name=NetP6_10
Added Pin To Net: NetName=NetP6_11 Pin=P6-11
Added Pin To Net: NetName=NetP6_11 Pin=U3-8
Added Net: Name=NetP6_11
Added Pin To Net: NetName=NetP6_12 Pin=P6-12
Added Pin To Net: NetName=NetP6_12 Pin=U3-7
Added Net: Name=NetP6_12
Added Pin To Net: NetName=NetP6_13 Pin=P6-13
Added Pin To Net: NetName=NetP6_13 Pin=U3-4
Added Net: Name=NetP6_13
Added Pin To Net: NetName=NetP6_14 Pin=P6-14
Added Pin To Net: NetName=NetP6_14 Pin=U3-3
Added Net: Name=NetP6_14
Added Pin To Net: NetName=NetP6_15 Pin=P6-15
Added Pin To Net: NetName=NetP6_15 Pin=U3-2
Added Net: Name=NetP6_15
Added Member To Class: ClassName=U_Etapa_Control_Ruido Member=Component U4 LM358AMX/NOPB
