Added Component: Designator=C0(RB7.6-15)
Add component. Clean all parameters for all variants
Add component (AddParameter): Name = "LatestRevisionDate"; Value = "17-Jul-2002"; VariantName = "[No Variations]"
Add component (AddParameter): Name = "LatestRevisionNote"; Value = "Re-released for DXP Platform."; VariantName = "[No Variations]"
Add component (AddParameter): Name = "PackageDescription"; Value = "Polarized Capacitor (Radial); 2 Leads"; VariantName = "[No Variations]"
Add component (AddParameter): Name = "PackageReference"; Value = "RB7.6-15"; VariantName = "[No Variations]"
Add component (AddParameter): Name = "Published"; Value = "8-Jun-2000"; VariantName = "[No Variations]"
Add component (AddParameter): Name = "Publisher"; Value = "Altium Limited"; VariantName = "[No Variations]"
Add component (AddParameter): Name = "Value"; Value = "680uF"; VariantName = "[No Variations]"
Added Component: Designator=C1(RB7.6-15)
Add component. Clean all parameters for all variants
Add component (AddParameter): Name = "LatestRevisionDate"; Value = "17-Jul-2002"; VariantName = "[No Variations]"
Add component (AddParameter): Name = "LatestRevisionNote"; Value = "Re-released for DXP Platform."; VariantName = "[No Variations]"
Add component (AddParameter): Name = "PackageDescription"; Value = "Polarized Capacitor (Radial); 2 Leads"; VariantName = "[No Variations]"
Add component (AddParameter): Name = "PackageReference"; Value = "RB7.6-15"; VariantName = "[No Variations]"
Add component (AddParameter): Name = "Published"; Value = "8-Jun-2000"; VariantName = "[No Variations]"
Add component (AddParameter): Name = "Publisher"; Value = "Altium Limited"; VariantName = "[No Variations]"
Add component (AddParameter): Name = "Value"; Value = "100pF"; VariantName = "[No Variations]"
Added Component: Designator=C2(RB7.6-15)
Add component. Clean all parameters for all variants
Add component (AddParameter): Name = "LatestRevisionDate"; Value = "17-Jul-2002"; VariantName = "[No Variations]"
Add component (AddParameter): Name = "LatestRevisionNote"; Value = "Re-released for DXP Platform."; VariantName = "[No Variations]"
Add component (AddParameter): Name = "PackageDescription"; Value = "Polarized Capacitor (Radial); 2 Leads"; VariantName = "[No Variations]"
Add component (AddParameter): Name = "PackageReference"; Value = "RB7.6-15"; VariantName = "[No Variations]"
Add component (AddParameter): Name = "Published"; Value = "8-Jun-2000"; VariantName = "[No Variations]"
Add component (AddParameter): Name = "Publisher"; Value = "Altium Limited"; VariantName = "[No Variations]"
Add component (AddParameter): Name = "Value"; Value = "0.1uF"; VariantName = "[No Variations]"
Added Component: Designator=C3(RB7.6-15)
Add component. Clean all parameters for all variants
Add component (AddParameter): Name = "LatestRevisionDate"; Value = "17-Jul-2002"; VariantName = "[No Variations]"
Add component (AddParameter): Name = "LatestRevisionNote"; Value = "Re-released for DXP Platform."; VariantName = "[No Variations]"
Add component (AddParameter): Name = "PackageDescription"; Value = "Polarized Capacitor (Radial); 2 Leads"; VariantName = "[No Variations]"
Add component (AddParameter): Name = "PackageReference"; Value = "RB7.6-15"; VariantName = "[No Variations]"
Add component (AddParameter): Name = "Published"; Value = "8-Jun-2000"; VariantName = "[No Variations]"
Add component (AddParameter): Name = "Publisher"; Value = "Altium Limited"; VariantName = "[No Variations]"
Add component (AddParameter): Name = "Value"; Value = "2.2uF"; VariantName = "[No Variations]"
Added Component: Designator=C4(RB7.6-15)
Add component. Clean all parameters for all variants
Add component (AddParameter): Name = "LatestRevisionDate"; Value = "17-Jul-2002"; VariantName = "[No Variations]"
Add component (AddParameter): Name = "LatestRevisionNote"; Value = "Re-released for DXP Platform."; VariantName = "[No Variations]"
Add component (AddParameter): Name = "PackageDescription"; Value = "Polarized Capacitor (Radial); 2 Leads"; VariantName = "[No Variations]"
Add component (AddParameter): Name = "PackageReference"; Value = "RB7.6-15"; VariantName = "[No Variations]"
Add component (AddParameter): Name = "Published"; Value = "8-Jun-2000"; VariantName = "[No Variations]"
Add component (AddParameter): Name = "Publisher"; Value = "Altium Limited"; VariantName = "[No Variations]"
Add component (AddParameter): Name = "Value"; Value = "2.2uF"; VariantName = "[No Variations]"
Added Component: Designator=C5(RB7.6-15)
Add component. Clean all parameters for all variants
Add component (AddParameter): Name = "LatestRevisionDate"; Value = "17-Jul-2002"; VariantName = "[No Variations]"
Add component (AddParameter): Name = "LatestRevisionNote"; Value = "Re-released for DXP Platform."; VariantName = "[No Variations]"
Add component (AddParameter): Name = "PackageDescription"; Value = "Polarized Capacitor (Radial); 2 Leads"; VariantName = "[No Variations]"
Add component (AddParameter): Name = "PackageReference"; Value = "RB7.6-15"; VariantName = "[No Variations]"
Add component (AddParameter): Name = "Published"; Value = "8-Jun-2000"; VariantName = "[No Variations]"
Add component (AddParameter): Name = "Publisher"; Value = "Altium Limited"; VariantName = "[No Variations]"
Add component (AddParameter): Name = "Value"; Value = "2.2uF"; VariantName = "[No Variations]"
Added Component: Designator=D1(DIODE-0.7)
Add component. Clean all parameters for all variants
Add component (AddParameter): Name = "LatestRevisionDate"; Value = "17-Jul-2002"; VariantName = "[No Variations]"
Add component (AddParameter): Name = "LatestRevisionNote"; Value = "Re-released for DXP Platform."; VariantName = "[No Variations]"
Add component (AddParameter): Name = "PackageDescription"; Value = "Diode, Thru-Hole; 2 Leads; 0.7 in Pin Spacing"; VariantName = "[No Variations]"
Add component (AddParameter): Name = "PackageReference"; Value = "DIODE-0.7"; VariantName = "[No Variations]"
Add component (AddParameter): Name = "Published"; Value = "8-Jun-2000"; VariantName = "[No Variations]"
Add component (AddParameter): Name = "Publisher"; Value = "Altium Limited"; VariantName = "[No Variations]"
Added Component: Designator=J1(694102107102)
Add component. Clean all parameters for all variants
Add component (AddParameter): Name = "Datasheet URL"; Value = "http://katalog.we-online.de/em/datasheet/6941xx107102.pdf"; VariantName = "[No Variations]"
Add component (AddParameter): Name = "Gender"; Value = "Male"; VariantName = "[No Variations]"
Add component (AddParameter): Name = "Manufacturer"; Value = "Wurth Elektronik"; VariantName = "[No Variations]"
Add component (AddParameter): Name = "Manufacturer URL"; Value = "http://www.we-online.de"; VariantName = "[No Variations]"
Add component (AddParameter): Name = "Mounting Technology"; Value = "SMT"; VariantName = "[No Variations]"
Add component (AddParameter): Name = "Opening Diameter"; Value = "3.9mm"; VariantName = "[No Variations]"
Add component (AddParameter): Name = "Operating Temperature"; Value = "-40to85degC"; VariantName = "[No Variations]"
Add component (AddParameter): Name = "Orientation"; Value = "RightAngled"; VariantName = "[No Variations]"
Add component (AddParameter): Name = "Package Reference"; Value = "694102107102"; VariantName = "[No Variations]"
Add component (AddParameter): Name = "Packaging"; Value = "TapeandReel"; VariantName = "[No Variations]"
Add component (AddParameter): Name = "Part Number"; Value = "694102107102"; VariantName = "[No Variations]"
Add component (AddParameter): Name = "Plug Inner Diameter"; Value = "1.05mm"; VariantName = "[No Variations]"
Add component (AddParameter): Name = "Plug Outer Diameter"; Value = "3.5mm"; VariantName = "[No Variations]"
Add component (AddParameter): Name = "Publisher"; Value = "WurthElektronik"; VariantName = "[No Variations]"
Add component (AddParameter): Name = "Rated Current"; Value = "5A"; VariantName = "[No Variations]"
Add component (AddParameter): Name = "Working Voltage"; Value = "18V"; VariantName = "[No Variations]"
Added Component: Designator=L1(0402-A)
Add component. Clean all parameters for all variants
Add component (AddParameter): Name = "Code_IEC"; Value = "1005"; VariantName = "[No Variations]"
Add component (AddParameter): Name = "Code_JEITA"; Value = "0402"; VariantName = "[No Variations]"
Add component (AddParameter): Name = "LatestRevisionDate"; Value = "29-May-2009"; VariantName = "[No Variations]"
Add component (AddParameter): Name = "LatestRevisionNote"; Value = "IPC-7351 Footprint Added."; VariantName = "[No Variations]"
Add component (AddParameter): Name = "PackageDescription"; Value = "Chip Inductor"; VariantName = "[No Variations]"
Add component (AddParameter): Name = "PackageReference"; Value = "0402-A"; VariantName = "[No Variations]"
Add component (AddParameter): Name = "Published"; Value = "8-Jun-2000"; VariantName = "[No Variations]"
Add component (AddParameter): Name = "Publisher"; Value = "Altium Limited"; VariantName = "[No Variations]"
Add component (AddParameter): Name = "Value"; Value = "33uH"; VariantName = "[No Variations]"
Added Component: Designator=L2(IND_HCTI-68-7.7)
Add component. Clean all parameters for all variants
Add component (AddParameter): Name = "Availability"; Value = "Unavailable"; VariantName = "[No Variations]"
Add component (AddParameter): Name = "MF"; Value = "Signal Transformer"; VariantName = "[No Variations]"
Add component (AddParameter): Name = "MP"; Value = "HCTI-100-7.0"; VariantName = "[No Variations]"
Add component (AddParameter): Name = "Package"; Value = "Radial Bel Fuse"; VariantName = "[No Variations]"
Add component (AddParameter): Name = "Price"; Value = "None"; VariantName = "[No Variations]"
Add component (AddParameter): Name = "SnapEDA_Link"; Value = "https://www.snapeda.com/parts/HCTI-100-7.0/Signal%20Transformer/view-part/1645892/?ref=snap"; VariantName = "[No Variations]"
Add component (AddParameter): Name = "Value"; Value = ""; VariantName = "[No Variations]"
Added Component: Designator=L3(IND_HCTI-68-7.7)
Add component. Clean all parameters for all variants
Add component (AddParameter): Name = "Availability"; Value = "Unavailable"; VariantName = "[No Variations]"
Add component (AddParameter): Name = "MF"; Value = "Signal Transformer"; VariantName = "[No Variations]"
Add component (AddParameter): Name = "MP"; Value = "HCTI-100-7.0"; VariantName = "[No Variations]"
Add component (AddParameter): Name = "Package"; Value = "Radial Bel Fuse"; VariantName = "[No Variations]"
Add component (AddParameter): Name = "Price"; Value = "None"; VariantName = "[No Variations]"
Add component (AddParameter): Name = "SnapEDA_Link"; Value = "https://www.snapeda.com/parts/HCTI-100-7.0/Signal%20Transformer/view-part/1645892/?ref=snap"; VariantName = "[No Variations]"
Add component (AddParameter): Name = "Value"; Value = ""; VariantName = "[No Variations]"
Added Component: Designator=L4(IND_HCTI-68-7.7)
Add component. Clean all parameters for all variants
Add component (AddParameter): Name = "Availability"; Value = "Unavailable"; VariantName = "[No Variations]"
Add component (AddParameter): Name = "MF"; Value = "Signal Transformer"; VariantName = "[No Variations]"
Add component (AddParameter): Name = "MP"; Value = "HCTI-100-7.0"; VariantName = "[No Variations]"
Add component (AddParameter): Name = "Package"; Value = "Radial Bel Fuse"; VariantName = "[No Variations]"
Add component (AddParameter): Name = "Price"; Value = "None"; VariantName = "[No Variations]"
Add component (AddParameter): Name = "SnapEDA_Link"; Value = "https://www.snapeda.com/parts/HCTI-100-7.0/Signal%20Transformer/view-part/1645892/?ref=snap"; VariantName = "[No Variations]"
Add component (AddParameter): Name = "Value"; Value = ""; VariantName = "[No Variations]"
Added Component: Designator=LS2(Bocina)
Add component. Clean all parameters for all variants
Add component (AddParameter): Name = "Availability"; Value = "In Stock"; VariantName = "[No Variations]"
Add component (AddParameter): Name = "Check_prices"; Value = "https://www.snapeda.com/parts/AST-1732MR-R/PUI+Audio/view-part/?ref=eda"; VariantName = "[No Variations]"
Add component (AddParameter): Name = "MF"; Value = "PUI Audio"; VariantName = "[No Variations]"
Add component (AddParameter): Name = "MP"; Value = "AST-1732MR-R"; VariantName = "[No Variations]"
Add component (AddParameter): Name = "Package"; Value = "None"; VariantName = "[No Variations]"
Add component (AddParameter): Name = "Price"; Value = "None"; VariantName = "[No Variations]"
Add component (AddParameter): Name = "Purchase-URL"; Value = "https://pricing.snapeda.com/search/part/AST-1732MR-R/?ref=eda"; VariantName = "[No Variations]"
Add component (AddParameter): Name = "SnapEDA_Link"; Value = "https://www.snapeda.com/parts/AST-1732MR-R/PUI+Audio/view-part/?ref=snap"; VariantName = "[No Variations]"
Add component (AddParameter): Name = "Value"; Value = ""; VariantName = "[No Variations]"
Added Component: Designator=LS(MICROFONO)
Add component. Clean all parameters for all variants
Add component (AddParameter): Name = "Availability"; Value = "In Stock"; VariantName = "[No Variations]"
Add component (AddParameter): Name = "Check_prices"; Value = "https://www.snapeda.com/parts/POM-2244P-2-R/PUI+Audio%252C+Inc./view-part/?ref=eda"; VariantName = "[No Variations]"
Add component (AddParameter): Name = "MF"; Value = "PUI Audio,"; VariantName = "[No Variations]"
Add component (AddParameter): Name = "MP"; Value = "POM-2244P-2-R"; VariantName = "[No Variations]"
Add component (AddParameter): Name = "Package"; Value = "None"; VariantName = "[No Variations]"
Add component (AddParameter): Name = "Price"; Value = "None"; VariantName = "[No Variations]"
Add component (AddParameter): Name = "SnapEDA_Link"; Value = "https://www.snapeda.com/parts/POM-2244P-2-R/PUI+Audio%252C+Inc./view-part/?ref=snap"; VariantName = "[No Variations]"
Add component (AddParameter): Name = "Value"; Value = ""; VariantName = "[No Variations]"
Added Component: Designator=R1(AXIAL-0.3)
Add component. Clean all parameters for all variants
Add component (AddParameter): Name = "LatestRevisionDate"; Value = "17-Jul-2002"; VariantName = "[No Variations]"
Add component (AddParameter): Name = "LatestRevisionNote"; Value = "Re-released for DXP Platform."; VariantName = "[No Variations]"
Add component (AddParameter): Name = "PackageDescription"; Value = "Axial Device, Thru-Hole; 2 Leads; 0.3 in Pin Spacing"; VariantName = "[No Variations]"
Add component (AddParameter): Name = "PackageReference"; Value = "AXIAL-0.3"; VariantName = "[No Variations]"
Add component (AddParameter): Name = "Published"; Value = "8-Jun-2000"; VariantName = "[No Variations]"
Add component (AddParameter): Name = "Publisher"; Value = "Altium Limited"; VariantName = "[No Variations]"
Add component (AddParameter): Name = "Value"; Value = "1K"; VariantName = "[No Variations]"
Added Component: Designator=R2(AXIAL-0.3)
Add component. Clean all parameters for all variants
Add component (AddParameter): Name = "LatestRevisionDate"; Value = "17-Jul-2002"; VariantName = "[No Variations]"
Add component (AddParameter): Name = "LatestRevisionNote"; Value = "Re-released for DXP Platform."; VariantName = "[No Variations]"
Add component (AddParameter): Name = "PackageDescription"; Value = "Axial Device, Thru-Hole; 2 Leads; 0.3 in Pin Spacing"; VariantName = "[No Variations]"
Add component (AddParameter): Name = "PackageReference"; Value = "AXIAL-0.3"; VariantName = "[No Variations]"
Add component (AddParameter): Name = "Published"; Value = "8-Jun-2000"; VariantName = "[No Variations]"
Add component (AddParameter): Name = "Publisher"; Value = "Altium Limited"; VariantName = "[No Variations]"
Add component (AddParameter): Name = "Value"; Value = "10K"; VariantName = "[No Variations]"
Added Component: Designator=R3(AXIAL-0.3)
Add component. Clean all parameters for all variants
Add component (AddParameter): Name = "LatestRevisionDate"; Value = "17-Jul-2002"; VariantName = "[No Variations]"
Add component (AddParameter): Name = "LatestRevisionNote"; Value = "Re-released for DXP Platform."; VariantName = "[No Variations]"
Add component (AddParameter): Name = "PackageDescription"; Value = "Axial Device, Thru-Hole; 2 Leads; 0.3 in Pin Spacing"; VariantName = "[No Variations]"
Add component (AddParameter): Name = "PackageReference"; Value = "AXIAL-0.3"; VariantName = "[No Variations]"
Add component (AddParameter): Name = "Published"; Value = "8-Jun-2000"; VariantName = "[No Variations]"
Add component (AddParameter): Name = "Publisher"; Value = "Altium Limited"; VariantName = "[No Variations]"
Add component (AddParameter): Name = "Value"; Value = "1K"; VariantName = "[No Variations]"
Added Component: Designator=R4(AXIAL-0.3)
Add component. Clean all parameters for all variants
Add component (AddParameter): Name = "LatestRevisionDate"; Value = "17-Jul-2002"; VariantName = "[No Variations]"
Add component (AddParameter): Name = "LatestRevisionNote"; Value = "Re-released for DXP Platform."; VariantName = "[No Variations]"
Add component (AddParameter): Name = "PackageDescription"; Value = "Axial Device, Thru-Hole; 2 Leads; 0.3 in Pin Spacing"; VariantName = "[No Variations]"
Add component (AddParameter): Name = "PackageReference"; Value = "AXIAL-0.3"; VariantName = "[No Variations]"
Add component (AddParameter): Name = "Published"; Value = "8-Jun-2000"; VariantName = "[No Variations]"
Add component (AddParameter): Name = "Publisher"; Value = "Altium Limited"; VariantName = "[No Variations]"
Add component (AddParameter): Name = "Value"; Value = "10K"; VariantName = "[No Variations]"
Added Component: Designator=R5(AXIAL-0.3)
Add component. Clean all parameters for all variants
Add component (AddParameter): Name = "LatestRevisionDate"; Value = "17-Jul-2002"; VariantName = "[No Variations]"
Add component (AddParameter): Name = "LatestRevisionNote"; Value = "Re-released for DXP Platform."; VariantName = "[No Variations]"
Add component (AddParameter): Name = "PackageDescription"; Value = "Axial Device, Thru-Hole; 2 Leads; 0.3 in Pin Spacing"; VariantName = "[No Variations]"
Add component (AddParameter): Name = "PackageReference"; Value = "AXIAL-0.3"; VariantName = "[No Variations]"
Add component (AddParameter): Name = "Published"; Value = "8-Jun-2000"; VariantName = "[No Variations]"
Add component (AddParameter): Name = "Publisher"; Value = "Altium Limited"; VariantName = "[No Variations]"
Add component (AddParameter): Name = "Value"; Value = "10K"; VariantName = "[No Variations]"
Added Component: Designator=R6(AXIAL-0.3)
Add component. Clean all parameters for all variants
Add component (AddParameter): Name = "LatestRevisionDate"; Value = "17-Jul-2002"; VariantName = "[No Variations]"
Add component (AddParameter): Name = "LatestRevisionNote"; Value = "Re-released for DXP Platform."; VariantName = "[No Variations]"
Add component (AddParameter): Name = "PackageDescription"; Value = "Axial Device, Thru-Hole; 2 Leads; 0.3 in Pin Spacing"; VariantName = "[No Variations]"
Add component (AddParameter): Name = "PackageReference"; Value = "AXIAL-0.3"; VariantName = "[No Variations]"
Add component (AddParameter): Name = "Published"; Value = "8-Jun-2000"; VariantName = "[No Variations]"
Add component (AddParameter): Name = "Publisher"; Value = "Altium Limited"; VariantName = "[No Variations]"
Add component (AddParameter): Name = "Value"; Value = "470K"; VariantName = "[No Variations]"
Added Component: Designator=R7(AXIAL-0.3)
Add component. Clean all parameters for all variants
Add component (AddParameter): Name = "LatestRevisionDate"; Value = "17-Jul-2002"; VariantName = "[No Variations]"
Add component (AddParameter): Name = "LatestRevisionNote"; Value = "Re-released for DXP Platform."; VariantName = "[No Variations]"
Add component (AddParameter): Name = "PackageDescription"; Value = "Axial Device, Thru-Hole; 2 Leads; 0.3 in Pin Spacing"; VariantName = "[No Variations]"
Add component (AddParameter): Name = "PackageReference"; Value = "AXIAL-0.3"; VariantName = "[No Variations]"
Add component (AddParameter): Name = "Published"; Value = "8-Jun-2000"; VariantName = "[No Variations]"
Add component (AddParameter): Name = "Publisher"; Value = "Altium Limited"; VariantName = "[No Variations]"
Add component (AddParameter): Name = "Value"; Value = "12"; VariantName = "[No Variations]"
Added Component: Designator=R8(AXIAL-0.3)
Add component. Clean all parameters for all variants
Add component (AddParameter): Name = "LatestRevisionDate"; Value = "17-Jul-2002"; VariantName = "[No Variations]"
Add component (AddParameter): Name = "LatestRevisionNote"; Value = "Re-released for DXP Platform."; VariantName = "[No Variations]"
Add component (AddParameter): Name = "PackageDescription"; Value = "Axial Device, Thru-Hole; 2 Leads; 0.3 in Pin Spacing"; VariantName = "[No Variations]"
Add component (AddParameter): Name = "PackageReference"; Value = "AXIAL-0.3"; VariantName = "[No Variations]"
Add component (AddParameter): Name = "Published"; Value = "8-Jun-2000"; VariantName = "[No Variations]"
Add component (AddParameter): Name = "Publisher"; Value = "Altium Limited"; VariantName = "[No Variations]"
Add component (AddParameter): Name = "Value"; Value = "12"; VariantName = "[No Variations]"
Added Component: Designator=R9(AXIAL-0.3)
Add component. Clean all parameters for all variants
Add component (AddParameter): Name = "LatestRevisionDate"; Value = "17-Jul-2002"; VariantName = "[No Variations]"
Add component (AddParameter): Name = "LatestRevisionNote"; Value = "Re-released for DXP Platform."; VariantName = "[No Variations]"
Add component (AddParameter): Name = "PackageDescription"; Value = "Axial Device, Thru-Hole; 2 Leads; 0.3 in Pin Spacing"; VariantName = "[No Variations]"
Add component (AddParameter): Name = "PackageReference"; Value = "AXIAL-0.3"; VariantName = "[No Variations]"
Add component (AddParameter): Name = "Published"; Value = "8-Jun-2000"; VariantName = "[No Variations]"
Add component (AddParameter): Name = "Publisher"; Value = "Altium Limited"; VariantName = "[No Variations]"
Add component (AddParameter): Name = "Value"; Value = "12"; VariantName = "[No Variations]"
Added Component: Designator=U1(KTT0005B_N)
Add component. Clean all parameters for all variants
Add component (AddParameter): Name = "Code_IPC"; Value = ""; VariantName = "[No Variations]"
Add component (AddParameter): Name = "Code_JEDEC"; Value = "MO-169-AB"; VariantName = "[No Variations]"
Add component (AddParameter): Name = "ComponentLink1Description"; Value = "Datasheet URL"; VariantName = "[No Variations]"
Add component (AddParameter): Name = "ComponentLink1URL"; Value = "http://www.ti.com/general/docs/lit/getliterature.tsp?genericPartNumber=LM2596&fileType=pdf"; VariantName = "[No Variations]"
Add component (AddParameter): Name = "CompType"; Value = "Switcher"; VariantName = "[No Variations]"
Add component (AddParameter): Name = "High-Reliability"; Value = ""; VariantName = "[No Variations]"
Add component (AddParameter): Name = "Manufacturer"; Value = "Texas Instruments"; VariantName = "[No Variations]"
Add component (AddParameter): Name = "PackageDescription"; Value = "TO-263, Molded, .400 x .390 x .180in, 5 Lead, .067in Pitch, Surface Mount"; VariantName = "[No Variations]"
Add component (AddParameter): Name = "PackageReference"; Value = "KTT0005B"; VariantName = "[No Variations]"
Add component (AddParameter): Name = "PackageTopMarking"; Value = "NSUZXYTTE#*LM2596S*-ADJ P+"; VariantName = "[No Variations]"
Add component (AddParameter): Name = "PartNumber"; Value = ""; VariantName = "[No Variations]"
Add component (AddParameter): Name = "PinCount"; Value = "5"; VariantName = "[No Variations]"
Add component (AddParameter): Name = "PowerWise"; Value = "N"; VariantName = "[No Variations]"
Add component (AddParameter): Name = "RoHS"; Value = "Y"; VariantName = "[No Variations]"
Added Component: Designator=U2(FP-DGK0008A-IPC_B)
Add component. Clean all parameters for all variants
Add component (AddParameter): Name = "Amplifier Type"; Value = "GENERAL PURPOSE"; VariantName = "[No Variations]"
Add component (AddParameter): Name = "Bandwidth"; Value = "700kHz"; VariantName = "[No Variations]"
Add component (AddParameter): Name = "Case/Package"; Value = "VSSOP"; VariantName = "[No Variations]"
Add component (AddParameter): Name = "Common Mode Rejection Ratio"; Value = "65dB"; VariantName = "[No Variations]"
Add component (AddParameter): Name = "Dual Supply Voltage"; Value = "9V"; VariantName = "[No Variations]"
Add component (AddParameter): Name = "Gain Bandwidth Product"; Value = "700kHz"; VariantName = "[No Variations]"
Add component (AddParameter): Name = "Height"; Value = "0.97mm"; VariantName = "[No Variations]"
Add component (AddParameter): Name = "Input Bias Current"; Value = "100nA"; VariantName = "[No Variations]"
Add component (AddParameter): Name = "Input Offset Voltage (Vos)"; Value = "3mV"; VariantName = "[No Variations]"
Add component (AddParameter): Name = "Lead Free"; Value = "Lead Free"; VariantName = "[No Variations]"
Add component (AddParameter): Name = "Length"; Value = "3mm"; VariantName = "[No Variations]"
Add component (AddParameter): Name = "Max Dual Supply Voltage"; Value = "16V"; VariantName = "[No Variations]"
Add component (AddParameter): Name = "Max Operating Temperature"; Value = "70°C"; VariantName = "[No Variations]"
Add component (AddParameter): Name = "Max Supply Voltage"; Value = "32V"; VariantName = "[No Variations]"
Add component (AddParameter): Name = "Min Dual Supply Voltage"; Value = "1.5V"; VariantName = "[No Variations]"
Add component (AddParameter): Name = "Min Operating Temperature"; Value = "0°C"; VariantName = "[No Variations]"
Add component (AddParameter): Name = "Min Supply Voltage"; Value = "3V"; VariantName = "[No Variations]"
Add component (AddParameter): Name = "Mount"; Value = "Surface Mount"; VariantName = "[No Variations]"
Add component (AddParameter): Name = "Nominal Supply Current"; Value = "1.2mA"; VariantName = "[No Variations]"
Add component (AddParameter): Name = "Number of Amplifiers"; Value = "2"; VariantName = "[No Variations]"
Add component (AddParameter): Name = "Number of Channels"; Value = "2"; VariantName = "[No Variations]"
Add component (AddParameter): Name = "Number of Circuits"; Value = "2"; VariantName = "[No Variations]"
Add component (AddParameter): Name = "Number of Elements"; Value = "2"; VariantName = "[No Variations]"
Add component (AddParameter): Name = "Number of Pins"; Value = "8"; VariantName = "[No Variations]"
Add component (AddParameter): Name = "Operating Supply Current"; Value = "1mA"; VariantName = "[No Variations]"
Add component (AddParameter): Name = "Operating Supply Voltage"; Value = "16V"; VariantName = "[No Variations]"
Add component (AddParameter): Name = "Output Current"; Value = "30mA"; VariantName = "[No Variations]"
Add component (AddParameter): Name = "Output Current per Channel"; Value = "30mA"; VariantName = "[No Variations]"
Add component (AddParameter): Name = "Package Quantity"; Value = "2500"; VariantName = "[No Variations]"
Add component (AddParameter): Name = "Packaging"; Value = "Tape and Reel"; VariantName = "[No Variations]"
Add component (AddParameter): Name = "Radiation Hardening"; Value = "No"; VariantName = "[No Variations]"
Add component (AddParameter): Name = "REACH SVHC"; Value = "No SVHC"; VariantName = "[No Variations]"
Add component (AddParameter): Name = "RoHS Compliant"; Value = "Yes"; VariantName = "[No Variations]"
Add component (AddParameter): Name = "Series"; Value = "-"; VariantName = "[No Variations]"
Add component (AddParameter): Name = "Slew Rate"; Value = "0.3V/µs"; VariantName = "[No Variations]"
Add component (AddParameter): Name = "Supply Current"; Value = "1.2mA"; VariantName = "[No Variations]"
Add component (AddParameter): Name = "Technology"; Value = "BIPOLAR"; VariantName = "[No Variations]"
Add component (AddParameter): Name = "Unity Gain Bandwidth Product"; Value = "700kHz"; VariantName = "[No Variations]"
Add component (AddParameter): Name = "Voltage Gain"; Value = "100dB"; VariantName = "[No Variations]"
Add component (AddParameter): Name = "Width"; Value = "3mm"; VariantName = "[No Variations]"
Added Component: Designator=U3(MODULE_ESP32-DEVKITC-32D)
Add component. Clean all parameters for all variants
Add component (AddParameter): Name = "Availability"; Value = "Warning"; VariantName = "[No Variations]"
Add component (AddParameter): Name = "Check_prices"; Value = "https://www.snapeda.com/parts/ESP32-DEVKITC-32D/Espressif%20Systems/view-part/2777395/?ref=eda"; VariantName = "[No Variations]"
Add component (AddParameter): Name = "MF"; Value = "Espressif Systems"; VariantName = "[No Variations]"
Add component (AddParameter): Name = "MP"; Value = "ESP32-DEVKITC-32D"; VariantName = "[No Variations]"
Add component (AddParameter): Name = "Package"; Value = "None"; VariantName = "[No Variations]"
Add component (AddParameter): Name = "Price"; Value = "None"; VariantName = "[No Variations]"
Add component (AddParameter): Name = "Purchase-URL"; Value = "https://pricing.snapeda.com/search/part/ESP32-DEVKITC-32D/?ref=eda"; VariantName = "[No Variations]"
Add component (AddParameter): Name = "SnapEDA_Link"; Value = "https://www.snapeda.com/parts/ESP32-DEVKITC-32D/Espressif%20Systems/view-part/2777395/?ref=snap"; VariantName = "[No Variations]"
Add component (AddParameter): Name = "Value"; Value = ""; VariantName = "[No Variations]"
Added Pin To Net: NetName=GND Pin=C0-2
Added Pin To Net: NetName=GND Pin=C1-2
Added Pin To Net: NetName=GND Pin=D1-1
Added Pin To Net: NetName=GND Pin=J1-2
Added Pin To Net: NetName=GND Pin=J1-3
Added Pin To Net: NetName=GND Pin=R5-1
Added Pin To Net: NetName=GND Pin=R7-1
Added Pin To Net: NetName=GND Pin=R8-1
Added Pin To Net: NetName=GND Pin=R9-1
Added Pin To Net: NetName=GND Pin=U1-3
Added Pin To Net: NetName=GND Pin=U1-5
Added Pin To Net: NetName=GND Pin=U1-6
Added Pin To Net: NetName=GND Pin=U2-4
Added Pin To Net: NetName=GND Pin=U2-5
Added Pin To Net: NetName=GND Pin=U2-6
Added Pin To Net: NetName=GND Pin=U3-14
Added Net: Name=GND
Added Pin To Net: NetName=NetC0_1 Pin=C0-1
Added Pin To Net: NetName=NetC0_1 Pin=J1-1
Added Pin To Net: NetName=NetC0_1 Pin=J1-1
Added Pin To Net: NetName=NetC0_1 Pin=U1-1
Added Net: Name=NetC0_1
Added Pin To Net: NetName=NetC2_1 Pin=C2-1
Added Pin To Net: NetName=NetC2_1 Pin=R2-1
Added Net: Name=NetC2_1
Added Pin To Net: NetName=NetC2_2 Pin=C2-2
Added Pin To Net: NetName=NetC2_2 Pin=R3-1
Added Net: Name=NetC2_2
Added Pin To Net: NetName=NetC3_1 Pin=C3-1
Added Pin To Net: NetName=NetC3_1 Pin=R6-2
Added Pin To Net: NetName=NetC3_1 Pin=U2-1
Added Net: Name=NetC3_1
Added Pin To Net: NetName=NetC3_2 Pin=C3-2
Added Pin To Net: NetName=NetC3_2 Pin=L2-1
Added Net: Name=NetC3_2
Added Pin To Net: NetName=NetC4_1 Pin=C4-1
Added Pin To Net: NetName=NetC4_1 Pin=L2-2
Added Pin To Net: NetName=NetC4_1 Pin=R7-2
Added Net: Name=NetC4_1
Added Pin To Net: NetName=NetC4_2 Pin=C4-2
Added Pin To Net: NetName=NetC4_2 Pin=L3-1
Added Net: Name=NetC4_2
Added Pin To Net: NetName=NetC5_1 Pin=C5-1
Added Pin To Net: NetName=NetC5_1 Pin=L3-2
Added Pin To Net: NetName=NetC5_1 Pin=R8-2
Added Net: Name=NetC5_1
Added Pin To Net: NetName=NetC5_2 Pin=C5-2
Added Pin To Net: NetName=NetC5_2 Pin=L4-1
Added Net: Name=NetC5_2
Added Pin To Net: NetName=NetD1_2 Pin=D1-2
Added Pin To Net: NetName=NetD1_2 Pin=R1-1
Added Pin To Net: NetName=NetD1_2 Pin=U1-2
Added Pin To Net: NetName=NetD1_2 Pin=U1-4
Added Net: Name=NetD1_2
Added Pin To Net: NetName=NetLS2_P Pin=U3-29
Added Net: Name=NetLS2_P
Added Pin To Net: NetName=NetR3_2 Pin=R3-2
Added Pin To Net: NetName=NetR3_2 Pin=R6-1
Added Pin To Net: NetName=NetR3_2 Pin=U2-2
Added Net: Name=NetR3_2
Added Pin To Net: NetName=NetR4_1 Pin=R4-1
Added Pin To Net: NetName=NetR4_1 Pin=R5-2
Added Pin To Net: NetName=NetR4_1 Pin=U2-3
Added Net: Name=NetR4_1
Added Pin To Net: NetName=Sonido Pin=L4-2
Added Pin To Net: NetName=Sonido Pin=R9-2
Added Pin To Net: NetName=Sonido Pin=U3-3
Added Net: Name=Sonido
Added Pin To Net: NetName=Vin Pin=C1-1
Added Pin To Net: NetName=Vin Pin=L1-2
Added Pin To Net: NetName=Vin Pin=R1-2
Added Pin To Net: NetName=Vin Pin=R2-2
Added Pin To Net: NetName=Vin Pin=R4-2
Added Pin To Net: NetName=Vin Pin=U2-8
Added Pin To Net: NetName=Vin Pin=U3-1
Added Net: Name=Vin
Added Member To Class: ClassName=Etapa_Regulación Member=Component C0 Cap Pol1
Added Member To Class: ClassName=Etapa_Regulación Member=Component C1 Cap Pol1
Added Member To Class: ClassName=Etapa_Control_Ruido Member=Component C2 Cap Pol1
Added Member To Class: ClassName=Etapa_Control_Ruido Member=Component C3 Cap Pol1
Added Member To Class: ClassName=Etapa_Control_Ruido Member=Component C4 Cap Pol1
Added Member To Class: ClassName=Etapa_Control_Ruido Member=Component C5 Cap Pol1
Added Member To Class: ClassName=Etapa_Regulación Member=Component D1 D Zener
Added Member To Class: ClassName=Etapa_Regulación Member=Component J1 694102107102
Added Member To Class: ClassName=Etapa_Regulación Member=Component L1 Inductor
Added Member To Class: ClassName=Etapa_Control_Ruido Member=Component L2 100uH
Added Member To Class: ClassName=Etapa_Control_Ruido Member=Component L3 100uH
Added Member To Class: ClassName=Etapa_Control_Ruido Member=Component L4 100uF
Added Member To Class: ClassName=Etapa_Control_Ruido Member=Component LS2 AST-1732MR-R
Added Member To Class: ClassName=Etapa_Control_Ruido Member=Component LS POM-2244P-2-R
Added Member To Class: ClassName=Etapa_Regulación Member=Component R1 Res1
Added Member To Class: ClassName=Etapa_Control_Ruido Member=Component R2 Res1
Added Member To Class: ClassName=Etapa_Control_Ruido Member=Component R3 Res1
Added Member To Class: ClassName=Etapa_Control_Ruido Member=Component R4 Res1
Added Member To Class: ClassName=Etapa_Control_Ruido Member=Component R5 Res1
Added Member To Class: ClassName=Etapa_Control_Ruido Member=Component R6 Res1
Added Member To Class: ClassName=Etapa_Control_Ruido Member=Component R7 
Added Member To Class: ClassName=Etapa_Control_Ruido Member=Component R8 
Added Member To Class: ClassName=Etapa_Control_Ruido Member=Component R9 
Added Member To Class: ClassName=Etapa_Regulación Member=Component U1 LM2596S-ADJ/NOPB
Added Member To Class: ClassName=Etapa_Control_Ruido Member=Component U2 LM358ADGKR
Added Member To Class: ClassName=Etapa_Control_Ruido Member=Component U3 *
Added Room: Name=Etapa_Control_Ruido
Added Room: Name=Etapa_Regulación
