Change Component Description : Designator=L2 Old Description=High Current Toroidal Inductor New Description=High Current Toroidal Inductor | 100 uH
Change Component Description : Designator=L3 Old Description=High Current Toroidal Inductor New Description=High Current Toroidal Inductor | 100 uH
Change Component Description : Designator=L4 Old Description=High Current Toroidal Inductor New Description=High Current Toroidal Inductor | 100 uH
Added Component: Designator=P1(HDR1X11)
Add component. Clean all parameters for all variants
Add component (AddParameter): Name = "LatestRevisionDate"; Value = "17-Jul-2002"; VariantName = "[No Variations]"
Add component (AddParameter): Name = "LatestRevisionNote"; Value = "Re-released for DXP Platform."; VariantName = "[No Variations]"
Add component (AddParameter): Name = "Publisher"; Value = "Altium Limited"; VariantName = "[No Variations]"
Added Component: Designator=P2(HDR1X5)
Add component. Clean all parameters for all variants
Add component (AddParameter): Name = "LatestRevisionDate"; Value = "17-Jul-2002"; VariantName = "[No Variations]"
Add component (AddParameter): Name = "LatestRevisionNote"; Value = "Re-released for DXP Platform."; VariantName = "[No Variations]"
Add component (AddParameter): Name = "Publisher"; Value = "Altium Limited"; VariantName = "[No Variations]"
Added Component: Designator=P3(HDR1X9)
Add component. Clean all parameters for all variants
Add component (AddParameter): Name = "LatestRevisionDate"; Value = "17-Jul-2002"; VariantName = "[No Variations]"
Add component (AddParameter): Name = "LatestRevisionNote"; Value = "Re-released for DXP Platform."; VariantName = "[No Variations]"
Add component (AddParameter): Name = "Publisher"; Value = "Altium Limited"; VariantName = "[No Variations]"
Added Component: Designator=P4(HDR1X9)
Add component. Clean all parameters for all variants
Add component (AddParameter): Name = "LatestRevisionDate"; Value = "17-Jul-2002"; VariantName = "[No Variations]"
Add component (AddParameter): Name = "LatestRevisionNote"; Value = "Re-released for DXP Platform."; VariantName = "[No Variations]"
Add component (AddParameter): Name = "Publisher"; Value = "Altium Limited"; VariantName = "[No Variations]"
Added Pin To Net: NetName=NetP1_1 Pin=P1-1
Added Pin To Net: NetName=NetP1_1 Pin=U3-13
Added Net: Name=NetP1_1
Added Pin To Net: NetName=NetP1_2 Pin=P1-2
Added Pin To Net: NetName=NetP1_2 Pin=U3-12
Added Net: Name=NetP1_2
Added Pin To Net: NetName=NetP1_3 Pin=P1-3
Added Pin To Net: NetName=NetP1_3 Pin=U3-11
Added Net: Name=NetP1_3
Added Pin To Net: NetName=NetP1_4 Pin=P1-4
Added Pin To Net: NetName=NetP1_4 Pin=U3-10
Added Net: Name=NetP1_4
Added Pin To Net: NetName=NetP1_5 Pin=P1-5
Added Pin To Net: NetName=NetP1_5 Pin=U3-9
Added Net: Name=NetP1_5
Added Pin To Net: NetName=NetP1_6 Pin=P1-6
Added Pin To Net: NetName=NetP1_6 Pin=U3-8
Added Net: Name=NetP1_6
Added Pin To Net: NetName=NetP1_7 Pin=P1-7
Added Pin To Net: NetName=NetP1_7 Pin=U3-7
Added Net: Name=NetP1_7
Added Pin To Net: NetName=NetP1_8 Pin=P1-8
Added Pin To Net: NetName=NetP1_8 Pin=U3-6
Added Net: Name=NetP1_8
Added Pin To Net: NetName=NetP1_9 Pin=P1-9
Added Pin To Net: NetName=NetP1_9 Pin=U3-5
Added Net: Name=NetP1_9
Added Pin To Net: NetName=NetP1_10 Pin=P1-10
Added Pin To Net: NetName=NetP1_10 Pin=U3-4
Added Net: Name=NetP1_10
Added Pin To Net: NetName=NetP1_11 Pin=P1-11
Added Pin To Net: NetName=NetP1_11 Pin=U3-2
Added Net: Name=NetP1_11
Added Pin To Net: NetName=NetP2_1 Pin=P2-1
Added Pin To Net: NetName=NetP2_1 Pin=U3-19
Added Net: Name=NetP2_1
Added Pin To Net: NetName=NetP2_2 Pin=P2-2
Added Pin To Net: NetName=NetP2_2 Pin=U3-18
Added Net: Name=NetP2_2
Added Pin To Net: NetName=NetP2_3 Pin=P2-3
Added Pin To Net: NetName=NetP2_3 Pin=U3-17
Added Net: Name=NetP2_3
Added Pin To Net: NetName=NetP2_4 Pin=P2-4
Added Pin To Net: NetName=NetP2_4 Pin=U3-16
Added Net: Name=NetP2_4
Added Pin To Net: NetName=NetP2_5 Pin=P2-5
Added Pin To Net: NetName=NetP2_5 Pin=U3-15
Added Net: Name=NetP2_5
Added Pin To Net: NetName=NetP3_1 Pin=P3-1
Added Pin To Net: NetName=NetP3_1 Pin=U3-20
Added Net: Name=NetP3_1
Added Pin To Net: NetName=NetP3_2 Pin=P3-2
Added Pin To Net: NetName=NetP3_2 Pin=U3-21
Added Net: Name=NetP3_2
Added Pin To Net: NetName=NetP3_3 Pin=P3-3
Added Pin To Net: NetName=NetP3_3 Pin=U3-22
Added Net: Name=NetP3_3
Added Pin To Net: NetName=NetP3_4 Pin=P3-4
Added Pin To Net: NetName=NetP3_4 Pin=U3-23
Added Net: Name=NetP3_4
Added Pin To Net: NetName=NetP3_5 Pin=P3-5
Added Pin To Net: NetName=NetP3_5 Pin=U3-24
Added Net: Name=NetP3_5
Added Pin To Net: NetName=NetP3_6 Pin=P3-6
Added Pin To Net: NetName=NetP3_6 Pin=U3-25
Added Net: Name=NetP3_6
Added Pin To Net: NetName=NetP3_7 Pin=P3-7
Added Pin To Net: NetName=NetP3_7 Pin=U3-26
Added Net: Name=NetP3_7
Added Pin To Net: NetName=NetP3_8 Pin=P3-8
Added Pin To Net: NetName=NetP3_8 Pin=U3-27
Added Net: Name=NetP3_8
Added Pin To Net: NetName=NetP3_9 Pin=P3-9
Added Pin To Net: NetName=NetP3_9 Pin=U3-28
Added Net: Name=NetP3_9
Added Pin To Net: NetName=NetP4_1 Pin=P4-1
Added Pin To Net: NetName=NetP4_1 Pin=U3-30
Added Net: Name=NetP4_1
Added Pin To Net: NetName=NetP4_2 Pin=P4-2
Added Pin To Net: NetName=NetP4_2 Pin=U3-31
Added Net: Name=NetP4_2
Added Pin To Net: NetName=NetP4_3 Pin=P4-3
Added Pin To Net: NetName=NetP4_3 Pin=U3-32
Added Net: Name=NetP4_3
Added Pin To Net: NetName=NetP4_4 Pin=P4-4
Added Pin To Net: NetName=NetP4_4 Pin=U3-33
Added Net: Name=NetP4_4
Added Pin To Net: NetName=NetP4_5 Pin=P4-5
Added Pin To Net: NetName=NetP4_5 Pin=U3-34
Added Net: Name=NetP4_5
Added Pin To Net: NetName=NetP4_6 Pin=P4-6
Added Pin To Net: NetName=NetP4_6 Pin=U3-35
Added Net: Name=NetP4_6
Added Pin To Net: NetName=NetP4_7 Pin=P4-7
Added Pin To Net: NetName=NetP4_7 Pin=U3-36
Added Net: Name=NetP4_7
Added Pin To Net: NetName=NetP4_8 Pin=P4-8
Added Pin To Net: NetName=NetP4_8 Pin=U3-37
Added Net: Name=NetP4_8
Added Pin To Net: NetName=NetP4_9 Pin=P4-9
Added Pin To Net: NetName=NetP4_9 Pin=U3-38
Added Net: Name=NetP4_9
Added Member To Class: ClassName=Etapa_Control_Ruido Member=Component P1 Header 11
Added Member To Class: ClassName=Etapa_Control_Ruido Member=Component P2 Header 5
Added Member To Class: ClassName=Etapa_Control_Ruido Member=Component P3 Header 9
Added Member To Class: ClassName=Etapa_Control_Ruido Member=Component P4 Header 9
Added Room: Name=Etapa_Control_Ruido
Added Room: Name=Etapa_Regulación
